A51 MACRO ASSEMBLER  EXP                                                                  06/03/2021 02:33:44 PAGE     1


MACRO ASSEMBLER A51 V8.02c
OBJECT MODULE PLACED IN .\Objects\Exp.obj
ASSEMBLER INVOKED BY: C:\Keil_v5\C51\BIN\A51.EXE Exp.asm SET(SMALL) DEBUG PRINT(.\Listings\Exp.lst) OBJECT(.\Objects\Exp
                      .obj) EP

LOC  OBJ            LINE     SOURCE

                       1     
0000 D290              2     L:SETB P1.0
0002 110A              3     ACALL DELAY
0004 C290              4     CLR P1.0
0006 110A              5     ACALL DELAY
0008 80F6              6     SJMP L
                       7     
000A 758910            8     DELAY: MOV TMOD,#10H
000D 758D7D            9            MOV TH1,#07DH
0010 758BCB           10                MOV TL1,#0CBH
0013 D28E             11                SETB TR1
0015 308FFD           12        L1: JNB TF1,L1
0018 C28E             13             CLR TR1
001A C28F             14             CLR TF1
001C 22               15             RET
                      16                
*** WARNING #A41 IN 16 (Exp.asm, LINE 16): MISSING 'END' STATEMENT
A51 MACRO ASSEMBLER  EXP                                                                  06/03/2021 02:33:44 PAGE     2

SYMBOL TABLE LISTING
------ ----- -------


N A M E             T Y P E  V A L U E   ATTRIBUTES

DELAY. . . . . . .  C ADDR   000AH   A   
L. . . . . . . . .  C ADDR   0000H   A   
L1 . . . . . . . .  C ADDR   0015H   A   
P1 . . . . . . . .  D ADDR   0090H   A   
TF1. . . . . . . .  B ADDR   0088H.7 A   
TH1. . . . . . . .  D ADDR   008DH   A   
TL1. . . . . . . .  D ADDR   008BH   A   
TMOD . . . . . . .  D ADDR   0089H   A   
TR1. . . . . . . .  B ADDR   0088H.6 A   


REGISTER BANK(S) USED: 0 


ASSEMBLY COMPLETE.  1 WARNING(S), 0 ERROR(S)
